# JRE version: Java(TM) SE Runtime Environment (8.0_201-b09) (build 1.8.0_201-b09)
# Java VM: Java HotSpot(TM) 64-Bit Server VM (25.201-b09 mixed mode windows-amd64 compressed oops)
Heap:
 PSYoungGen      total 41984K, used 7232K [0x00000000d5d80000, 0x00000000d8c80000, 0x0000000100000000)
  eden space 35840K, 20% used [0x00000000d5d80000,0x00000000d6490040,0x00000000d8080000)
  from space 6144K, 0% used [0x00000000d8680000,0x00000000d8680000,0x00000000d8c80000)
  to   space 6144K, 0% used [0x00000000d8080000,0x00000000d8080000,0x00000000d8680000)
 ParOldGen       total 63488K, used 3977K [0x0000000081800000, 0x0000000085600000, 0x00000000d5d80000)
  object space 63488K, 6% used [0x0000000081800000,0x0000000081be2730,0x0000000085600000)
 Metaspace       used 19504K, capacity 19918K, committed 20224K, reserved 1083392K
  class space    used 2622K, capacity 2751K, committed 2816K, reserved 1048576K
GC Heap History (10 events):
Event: 1.316 GC heap before
{Heap before GC invocations=15 (full 7):
 PSYoungGen      total 40960K, used 0K [0x00000000d5d80000, 0x00000000d8c80000, 0x0000000100000000)
  eden space 34816K, 0% used [0x00000000d5d80000,0x00000000d5d80000,0x00000000d7f80000)
  from space 6144K, 0% used [0x00000000d8680000,0x00000000d8680000,0x00000000d8c80000)
  to   space 6656K, 0% used [0x00000000d7f80000,0x00000000d7f80000,0x00000000d8600000)
 ParOldGen       total 63488K, used 4384K [0x0000000081800000, 0x0000000085600000, 0x00000000d5d80000)
  object space 63488K, 6% used [0x0000000081800000,0x0000000081c480c0,0x0000000085600000)
 Metaspace       used 18976K, capacity 19404K, committed 19584K, reserved 1081344K
  class space    used 2555K, capacity 2686K, committed 2688K, reserved 1048576K
Event: 1.360 GC heap after
Heap after GC invocations=15 (full 7):
 PSYoungGen      total 40960K, used 0K [0x00000000d5d80000, 0x00000000d8c80000, 0x0000000100000000)
  eden space 34816K, 0% used [0x00000000d5d80000,0x00000000d5d80000,0x00000000d7f80000)
  from space 6144K, 0% used [0x00000000d8680000,0x00000000d8680000,0x00000000d8c80000)
  to   space 6656K, 0% used [0x00000000d7f80000,0x00000000d7f80000,0x00000000d8600000)
 ParOldGen       total 63488K, used 4203K [0x0000000081800000, 0x0000000085600000, 0x00000000d5d80000)
  object space 63488K, 6% used [0x0000000081800000,0x0000000081c1afe0,0x0000000085600000)
 Metaspace       used 18973K, capacity 19400K, committed 19584K, reserved 1077248K
  class space    used 2554K, capacity 2684K, committed 2688K, reserved 1048576K
}
Event: 1.360 GC heap before
{Heap before GC invocations=16 (full 7):
 PSYoungGen      total 40960K, used 419K [0x00000000d5d80000, 0x00000000d8c80000, 0x0000000100000000)
  eden space 34816K, 1% used [0x00000000d5d80000,0x00000000d5de8d68,0x00000000d7f80000)
  from space 6144K, 0% used [0x00000000d8680000,0x00000000d8680000,0x00000000d8c80000)
  to   space 6656K, 0% used [0x00000000d7f80000,0x00000000d7f80000,0x00000000d8600000)
 ParOldGen       total 63488K, used 4203K [0x0000000081800000, 0x0000000085600000, 0x00000000d5d80000)
  object space 63488K, 6% used [0x0000000081800000,0x0000000081c1afe0,0x0000000085600000)
 Metaspace       used 18973K, capacity 19400K, committed 19584K, reserved 1083392K
  class space    used 2554K, capacity 2684K, committed 2688K, reserved 1048576K
Event: 1.361 GC heap after
Heap after GC invocations=16 (full 7):
 PSYoungGen      total 41472K, used 64K [0x00000000d5d80000, 0x00000000d8c80000, 0x0000000100000000)
  eden space 34816K, 0% used [0x00000000d5d80000,0x00000000d5d80000,0x00000000d7f80000)
  from space 6656K, 0% used [0x00000000d7f80000,0x00000000d7f90000,0x00000000d8600000)
  to   space 6144K, 0% used [0x00000000d8680000,0x00000000d8680000,0x00000000d8c80000)
 ParOldGen       total 63488K, used 4203K [0x0000000081800000, 0x0000000085600000, 0x00000000d5d80000)
  object space 63488K, 6% used [0x0000000081800000,0x0000000081c1afe0,0x0000000085600000)
 Metaspace       used 18973K, capacity 19400K, committed 19584K, reserved 1083392K
  class space    used 2554K, capacity 2684K, committed 2688K, reserved 1048576K
}
Event: 1.361 GC heap before
{Heap before GC invocations=17 (full 8):
 PSYoungGen      total 41472K, used 64K [0x00000000d5d80000, 0x00000000d8c80000, 0x0000000100000000)
  eden space 34816K, 0% used [0x00000000d5d80000,0x00000000d5d80000,0x00000000d7f80000)
  from space 6656K, 0% used [0x00000000d7f80000,0x00000000d7f90000,0x00000000d8600000)
  to   space 6144K, 0% used [0x00000000d8680000,0x00000000d8680000,0x00000000d8c80000)
 ParOldGen       total 63488K, used 4203K [0x0000000081800000, 0x0000000085600000, 0x00000000d5d80000)
  object space 63488K, 6% used [0x0000000081800000,0x0000000081c1afe0,0x0000000085600000)
 Metaspace       used 18973K, capacity 19400K, committed 19584K, reserved 1083392K
  class space    used 2554K, capacity 2684K, committed 2688K, reserved 1048576K
Event: 1.374 GC heap after
Heap after GC invocations=17 (full 8):
 PSYoungGen      total 41472K, used 0K [0x00000000d5d80000, 0x00000000d8c80000, 0x0000000100000000)
  eden space 34816K, 0% used [0x00000000d5d80000,0x00000000d5d80000,0x00000000d7f80000)
  from space 6656K, 0% used [0x00000000d7f80000,0x00000000d7f80000,0x00000000d8600000)
  to   space 6144K, 0% used [0x00000000d8680000,0x00000000d8680000,0x00000000d8c80000)
 ParOldGen       total 63488K, used 3978K [0x0000000081800000, 0x0000000085600000, 0x00000000d5d80000)
  object space 63488K, 6% used [0x0000000081800000,0x0000000081be2960,0x0000000085600000)
 Metaspace       used 18973K, capacity 19400K, committed 19584K, reserved 1077248K
  class space    used 2554K, capacity 2684K, committed 2688K, reserved 1048576K
}
Event: 1.374 GC heap before
{Heap before GC invocations=18 (full 8):
 PSYoungGen      total 41472K, used 0K [0x00000000d5d80000, 0x00000000d8c80000, 0x0000000100000000)
  eden space 34816K, 0% used [0x00000000d5d80000,0x00000000d5d80000,0x00000000d7f80000)
  from space 6656K, 0% used [0x00000000d7f80000,0x00000000d7f80000,0x00000000d8600000)
  to   space 6144K, 0% used [0x00000000d8680000,0x00000000d8680000,0x00000000d8c80000)
 ParOldGen       total 63488K, used 3978K [0x0000000081800000, 0x0000000085600000, 0x00000000d5d80000)
  object space 63488K, 6% used [0x0000000081800000,0x0000000081be2960,0x0000000085600000)
 Metaspace       used 18973K, capacity 19400K, committed 19584K, reserved 1081344K
  class space    used 2554K, capacity 2684K, committed 2688K, reserved 1048576K
Event: 1.375 GC heap after
Heap after GC invocations=18 (full 8):
 PSYoungGen      total 41984K, used 0K [0x00000000d5d80000, 0x00000000d8c80000, 0x0000000100000000)
  eden space 35840K, 0% used [0x00000000d5d80000,0x00000000d5d80000,0x00000000d8080000)
  from space 6144K, 0% used [0x00000000d8680000,0x00000000d8680000,0x00000000d8c80000)
  to   space 6144K, 0% used [0x00000000d8080000,0x00000000d8080000,0x00000000d8680000)
 ParOldGen       total 63488K, used 3978K [0x0000000081800000, 0x0000000085600000, 0x00000000d5d80000)
  object space 63488K, 6% used [0x0000000081800000,0x0000000081be2960,0x0000000085600000)
 Metaspace       used 18973K, capacity 19400K, committed 19584K, reserved 1081344K
  class space    used 2554K, capacity 2684K, committed 2688K, reserved 1048576K
}
Event: 1.375 GC heap before
{Heap before GC invocations=19 (full 9):
 PSYoungGen      total 41984K, used 0K [0x00000000d5d80000, 0x00000000d8c80000, 0x0000000100000000)
  eden space 35840K, 0% used [0x00000000d5d80000,0x00000000d5d80000,0x00000000d8080000)
  from space 6144K, 0% used [0x00000000d8680000,0x00000000d8680000,0x00000000d8c80000)
  to   space 6144K, 0% used [0x00000000d8080000,0x00000000d8080000,0x00000000d8680000)
 ParOldGen       total 63488K, used 3978K [0x0000000081800000, 0x0000000085600000, 0x00000000d5d80000)
  object space 63488K, 6% used [0x0000000081800000,0x0000000081be2960,0x0000000085600000)
 Metaspace       used 18973K, capacity 19400K, committed 19584K, reserved 1081344K
  class space    used 2554K, capacity 2684K, committed 2688K, reserved 1048576K
Event: 1.406 GC heap after
Heap after GC invocations=19 (full 9):
 PSYoungGen      total 41984K, used 0K [0x00000000d5d80000, 0x00000000d8c80000, 0x0000000100000000)
  eden space 35840K, 0% used [0x00000000d5d80000,0x00000000d5d80000,0x00000000d8080000)
  from space 6144K, 0% used [0x00000000d8680000,0x00000000d8680000,0x00000000d8c80000)
  to   space 6144K, 0% used [0x00000000d8080000,0x00000000d8080000,0x00000000d8680000)
 ParOldGen       total 63488K, used 3977K [0x0000000081800000, 0x0000000085600000, 0x00000000d5d80000)
  object space 63488K, 6% used [0x0000000081800000,0x0000000081be2730,0x0000000085600000)
 Metaspace       used 18973K, capacity 19400K, committed 19584K, reserved 1077248K
  class space    used 2554K, capacity 2684K, committed 2688K, reserved 1048576K
}

